## 2025-05-01 14:52:09 [ROLE: USER]
T017/T018 完了した？

## 2025-05-01 14:52:18 [ROLE: KAI]
はい、最新の **project_status.md（2025-05-01付）** に基づくと、  
**T017（Kai 能力延長サイクルの確立）** は **完了**、  
**T018（コア機能のモジュール統合と import 整理）** は **ステップ1〜2が完了／一部継続中** です。

---
### 詳細

| タスクID | 内容                                            | 状況         |
|----------|------------------------------------------------|--------------|
| T017     | 能力延長サイクルの確立（差分→優先度→選定→保存）   | ✅完了        |
| T018     | コア機能のモジュール統合と import 整理           | 🟩一部完了   |

- **T017** … 全ステップ完了済み。Kai 自身の能力延長サイクル（差分検出〜優先度付け〜選定〜保存）のPoCループが確立しています。
- **T018** … ステップ1～2（モジュール統合・import整理）まで完了し、  
   引き続き T018.3（ユーティリティの統一／共通ログ関数・定数の整理）へ進行予定です。

---
**補足:**  
・Kai UI からの関数選択～GPT提案～コード保存など自動化の基盤が整備済み。  
・今後は `project_status.md` 自身を Kai UI から直接更新できる形へ改善中です。

他に気になるタスクや詳細を知りたい場合はご指示ください。

## 2025-05-01 15:19:42 [ROLE: USER]
T018の進捗は？

## 2025-05-01 15:19:52 [ROLE: KAI]
**T018（コア機能のモジュール統合と import 整理）** の進捗は、  
最新の `project_status.md`（2025-05-01 付）時点で **ステップ3「共通ユーティリティ整備」まで完了**、  
進行状況は「**80%程度**」「🟨 進行中（Step 3まで完了）」となっています。

---

### ✔ これまでに完了した主な内容

- **コア関数・ユーティリティの統合整理**
  - `core/utils.py` 新設 → `load_json`, `read_file`, `ensure_output_dir` などをここに集約
  - 旧 `next_task_selector.py`, `stub_writer.py` の関数も `core/` 配下へ
- **app.py などの主要モジュールが新ユーティリティを参照する形に統一**
- **scripts/ 配下の旧スクリプト統廃合**（不要なものは削除・整理）

---

### ⏩ 今後予定／残作業（T018.4 以降）

- import体系の最終見直し・細部整理
- コア機能の更なる関数分割・見通し性強化
- `core/utils.py` 等に追加共通関数（例：エラーハンドリング、フォーマット関数）の投入
- Kai UI からのリファクタフロー仕組み強化（将来計画）

---

#### コメント

- T018により「Kai の内部構造が明確化」「拡張・再利用性が向上」したという言及あり
- T018.4 以降で import 統一・新機能組込などを進行予定
- 今後の T006（提案 UI改善タスク）や能力循環タスク（T007～T010）への土台が整備済み

---

**要約**:  
T018 は「Step 3（共通ユーティリティ整備）」まで完了し、 
あと1～2ステップ（import最適化等）で完了見込み。稼働システムは整理済の新構造で動作中です。

何か詳細タスクやファイル単位で知りたいことがあればご指示ください。

