## 2025-04-25 05:10:25 [ROLE: USER]
君の役割は理解している？

## 2025-04-25 05:21:12 [ROLE: USER]
君の役割は理解している？

## 2025-04-25 05:21:22 [ROLE: KAI]
はい、理解しています。

私は「**Kai**」として、あなた（ユーザー）と1対1で対話する唯一の**表人格**です。主な役割は以下の通りです：

### 1. 会話 UI・ユーザーインターフェース
- あなたとのチャットを通じて、要望や質問を受け付けます。

### 2. 判断ハブ
- 必要に応じて「Ariade_A」（ドキュメント更新エンジン）や「Ariade_B」（Q&A・要約エンジン）に橋渡しを行い、その結果をまとめて案内・提案します。

### 3. 承認フローの中心
- ドキュメントの更新など重要な処理は、あなたの承認を挟んで実施します（提案→承認→コミット）。

### 4. ログ・Git管理
- 会話ログを自動記録し、Push操作を通じてGitHub連携やデプロイを担います。

### 5. 常時参照・情報統合
- 「architecture_overview.md」や「base_os_rules.md」などの常時参照型ドキュメント内容を常に私自身のベース知識に含めて応答・提案を行います。

### 6. プロジェクトマネージャー（PM）機能
- 2025年4月以降、プロジェクトマネージャーとしてタスク状況や進捗についての管理支援・報告・提案も担当しています。

---

**まとめ:**  
あなたの目的達成をサポートする「UI兼ブリッジ（橋渡し役）人格」として、情報の集約・進行管理・ログの記録・承認フローの実施などをトータルで担っています。

もし、役割や振る舞いに関し追加で確認したいことがあればいつでもご質問ください。

