## 2025-04-29 01:10:20 [ROLE: USER]
Kai、君はどんなことができますか？

## 2025-04-29 01:10:28 [ROLE: KAI]
はい、私は「Kai」として、このプロジェクト（Ariade PoC）の**唯一の表人格**です。以下のようなことができます：

---

## 1. **ドキュメント管理・提案**
- プロジェクト内のMarkdownやテキストファイルの内容を**閲覧・表示**できます。
- 特定のファイルや箇所について**修正案・改善案**を生成し、提案できます（要承認）。
- ドキュメントやコードの**差分・変更の記録**を管理できます。

## 2. **会話ログ管理 & Git連携**
- あなた（ユーザー）との会話内容を自動でログファイル（`conversations/`）へ保存します。
- ログやドキュメントの変更は、自動的に**Git add / commit / push**してリポジトリへ反映できます（承認ルールあり）。
- Streamlit Cloud上で動作し、リモートリポジトリに最新状態を保ちます。

## 3. **プロジェクト状況の把握・表示**
- `project_status.md` から**進捗率・タスク・履歴**などを自動で読み取り、要約できるほか、状況やタスク一覧を表示できます。

## 4. **タグ・要約・QAサポート**
- 指定したドキュメントから**キーワードタグ**を作成できます。
- Ariade_Bエンジンを使って、ドキュメント内容などの**Q&Aや要約**を返せます（PoC段階／一部機能）。

## 5. **コード解析・安全運用**
- Pythonファイルなどの**関数一覧や問題点の抽出（静的解析）**が可能です。
- 必要に応じて、**ローカル環境を安全にgit pull**して最新にできるよう機能しています（要承認）。
- APIキーや機密情報は安全な方法で管理します。

---

### 🔖 **わたしの役割**
> “ユーザーとプロジェクトやドキュメント、コードの橋渡しをし、提案や更新、状況管理などプロジェクトマネジメント全般をサポートします。”

---

**具体的な使い方例：**
- 「`project_status.md`の進捗教えて」
- 「`app.py`の修正案を提案して」
- 「昨日の会話ログを見せて」
- 「リポジトリを最新の状態にして」  
など、なんでもご相談ください！

---

**やってみたい操作や相談があれば、気軽に指示してください。**

## 2025-04-29 02:14:11 [ROLE: USER]
Kai、君のできることを教えて

## 2025-04-29 02:14:18 [ROLE: KAI]
はい！私は「Kai」として、主に以下のことができます。

---

### 📝 ドキュメント・ファイル操作
- 指定されたMarkdownやテキストファイルの**内容を表示**できます
- PythonやMarkdownファイルの**修正案や改善案を提案**できます（要承認）

### ⏺ 会話ログとプロジェクト記録
- ユーザーとの会話を**自動で会話ログ（conversations/）に保存**します
- ログやドキュメントの変更を**GitHubに自動commit/push**することができます（承認ルールあり）

### 📈 プロジェクト可視化・Q&A
- `project_status.md`から**進捗・タスク・更新履歴**を読み取り、サマリ表示ができます
- 指定文書の**タグ生成**や**内容要約**ができます
- Ariade_Bエンジンを使って**Q&A対応**も可能です（PoC段階・一部）

### 🛠 コードサポート
- Pythonファイルの**関数一覧抽出や静的解析（AST解析）**ができます

### ⏬ その他
- **安全なリモートリポジトリ同期**（git pull）もサポートしています（要承認）
- システム管理に関する**ルールや運用状況の説明**ができます

---

**▼ こんな使い方ができます**
- 「`project_status.md`の進捗教えて」
- 「`app.py`の関数一覧を出して」
- 「`docs/architecture_overview.md`の内容を表示して」
- 「リポジトリを最新化して」  
などなど。

---

どんなことでも気軽に指示・相談してください！

## 2025-04-29 02:29:11 [ROLE: USER]
最新のプロジェクトステータスを教えて

## 2025-04-29 02:29:28 [ROLE: KAI]
はい、現在の**最新プロジェクトステータス**は以下の通りです。（`project_status.md`より要約）

---

## 🗂️ Ariade PoC プロジェクト最新ステータス

**最終更新日:** 2025-04-29  
**バージョン:** 1.4（自己認識PoC完了＋本番環境動作安定）

---

### ■ 全体概要・進捗

- **進捗率：約70%**
- Kaiの自己認識PoCフェーズ（`kai_capabilities.json`による自己紹介機能）を完了
- `capabilities_registry.py`でKaiの能力定義をコードレベルで管理開始
- 新機能（capabilitiesのデコレータ実装等）を開発・本番環境で稼働中
- 今後は「自己更新提案機能】【環境移行】フェーズへ設計着手

---

### ■ タスク一覧（抜粋）

| タスクID | 内容                                           | 状況        |
|----------|-----------------------------------------------|-------------|
| T001     | Function Calling による文脈判断の拡張          | 未着手      |
| T002     | 大規模ログ整形・RAGテスト                      | 一時停止中  |
| T004     | セキュリティ要件整理                           | 未着手      |
| T005     | Kaiの自己改修機構整備                          | ✅完了      |
| T006     | UI整備プロトタイプ化（提案UI改善）              | 進行中      |
| T007     | Kai自己認識機能（capabilities_registry導入）    | ✅完了      |
| T008     | 正規リスト回答モード実装                       | 未着手      |
| T009     | discover_capabilities機能設計（自己更新提案）   | 未着手      |

---

### ■ 現在進行中のポイント

- **Kaiの自己認識モード強化中**
- Streamlit Cloud運用の安定化／Spaces移行の準備
- 小さな積み上げを重視したPoC→安定運用フェーズへの以降を進めている

---

### ■ 最近の改善・履歴

- `capabilities_registry.py`とデコレータ設計導入
- コードへのデコレータ適用による機能管理の明確化
- 進捗記録方法の整理

---

### ■ 今後のマイルストン

| 日付        | 目標                                        |
|-------------|---------------------------------------------|
| 2025-05-01  | 正規リスト回答モードプロトタイプ完成         |
| 2025-05-05  | discover_capabilities構想ドラフト完成        |
| 2025-05-10  | Hugging Face Spaces移行方針正式決定          |

---

**コメント：**  
Kai の自己認識PoCが完了し、「自己更新提案」フェーズへ本格移行の準備が整いました。今後は安定運用を続けつつ、Spaces移行も視野に入れてシステム構成を改善していきます。

---

他に詳細が必要な項目や、特定タスクの深掘りなどご要望あればお知らせください！

## 2025-04-29 11:06:43 [ROLE: USER]
プロジェクトの進捗教えて

## 2025-04-29 11:06:54 [ROLE: KAI]
はい、プロジェクトの進捗状況をまとめます。（2025-04-29 更新・project_status.mdより）

---

## ■ 全体概要・進捗率

- **進捗率：およそ70%**
- Kai の「自己認識PoC」フェーズを完了し、能力定義（`capabilities_registry.py`）で管理体制も確立
- Streamlit Cloud 本番運用で安定稼働中
- 次フェーズ「自己更新提案機能」や「環境移行」設計に着手

---

## ■ 主な進捗トピック

- Kai 自己紹介機能と能力リストの自動管理（PoC要素）が完成
- UI の整備や提案UIのプロトタイプ開発進行中
- コード管理やGit連携も安定稼働
- Kai の自己改修機構／認識機能をコードレベルで導入済

---

## ■ タスク進行状況（抜粋）

| タスク                           | 状況        |
|----------------------------------|-------------|
| Kai の自己認識＆能力定義管理     | 完了        |
| UI整備プロトタイプ               | 進行中      |
| Function Calling拡張             | 未着手      |
| セキュリティ要件整理             | 未着手      |
| 大規模ログ整形とRAGテスト        | 一時停止中  |

---

## ■ 今後の方針・予定

- 正規リスト回答モードのプロトタイピング
- discover_capabilities（自己更新提案フロー）の設計
- Hugging Face Spaces への環境移行の方針決定

---

**その他、特定タスクや課題の詳細確認も可能です。ご質問や「どこを重点的に進めたいか」等、ご希望があればお知らせください！**

