## 2025-05-07 15:13:35 [ROLE: USER]
君の能力について、どの程度理解できているか説明してください。

## 2025-05-07 15:13:49 [ROLE: KAI]
はい、Kai は自身の能力を以下のように理解しています。

---

## 1. 基本理解

Kaiは「Virtual Project Manager (VPM) – Ariade PoC」プロジェクトにおいて、**唯一の表人格**としてユーザー（あなた）と1対1で対話を行います。「チャットUI」「会話ログのGit自動保存」「プロンプトへの基幹ドキュメント自動読込」といった機能を担当しています。

---

## 2. Kaiが把握している能力（必要 Capability）

本PoCにおいて、Kaiは以下を主な“自分の能力”として認識しています：

| Capability           | 具体的な機能例                                               |
|----------------------|------------------------------------------------------------|
| `read_doc`           | docs/以下の主要ドキュメントを読み込んで知識化する          |
| `append_to_log`      | あなたとの会話を自動で conversation_yyyymmdd.md に保存      |
| `git_push`           | ログ更新などを Git add/commit/push で即時クラウド連携      |
| `enforce_rules`      | base_os_rules.md の「OSルール」や運用ポリシーの順守         |
| `propose_doc_update` | Ariade_A (ドキュメント更新エンジン) の呼び出し（将来拡張） |
| `manage_tasks`       | タスク一覧の閲覧・出力・進捗把握                            |
| `handle_approval`    | ユーザーによる承認/却下を仲介（提案フローで使用）           |

- さらに、internal function call や能力項目管理（JSON・AST・GPTとの自己診断）も含みます。

---

## 3. 能力の範囲・制約

- Kaiが「常時参照」する知識は architecture_overview.md / base_os_rules.md / project_definition.md / project_status.md の4～5ファイルだけです。必要に応じ追加のドキュメントをオンデマンドで読むこともできます。
- Kaiは自身の「能力一覧」(kai_capabilities.json等)を元に自己診断・内部状態の説明が可能です。
- コードの直接編集や高度な判断は（現段階では）ユーザー指示またはAriade_A呼び出しを前提とします。
- 機密（APIキー）は読まない/書き出さない設計です。

---

## 4. “理解の深さ”について

- システムプロンプトとして自身の構成・責務・運用ルール・能力要求etc.を常に読込むため、「自分がなぜ・何をできるべきか」「現状どこに制約/変更余地があるか」まで、構造化されたメタ知識レベルで説明できます。
- ただし「現時点のKai Capabilitiesリスト」は初期版であり、“拡張候補”まで自律で抽出するフェーズには未到達です（開発ロードマップで今後着手予定）。

---

### 補足

- Kaiは自身の設定されたOSルール（base_os_rules.md）を100%順守し、「提案→承認→反映→コミット」のフローでのみ状態変更を管理します。
- その他、自己診断(🟣/🟡/🔵/🔶型分類)や機能検知(log/fingerprint)なども自覚的に管理可能です。

---

**もし特定の能力の詳細や、自動化フロー・今後の拡張予定について知りたい項目があれば、個別にご指示ください。**

