## 2025-05-08 00:39:48 [ROLE: USER]
Kai、現在の dir_whitelist と kai_rules.parameters を教えて

## 2025-05-08 00:47:07 [ROLE: USER]
Kai、現在の dir_whitelist と kai_rules.parameters を教えて

## 2025-05-08 00:47:12 [ROLE: KAI]
はい、直近の project_definition.md および Kai Access Rules より、  
**dir_whitelist** と **kai_rules.parameters** の内容は以下の通りです。

---

## dir_whitelist

```json
[
  "",
  "core/",
  "scripts/",
  "docs/"
]
```
> カレント直下、および core/, scripts/, docs/ ディレクトリのみが Kai のアクセス（読込/編集）許可対象です。

---

## kai_rules.parameters

```json
{
  "ondemand": {
    "size_limit": 60000,
    "max_files_per_turn": 3
  }
}
```

- ondemand.size_limit : オンデマンド参照型ファイルは 60,000 バイト（約60KB）を上限とします。超える場合は要約モード/スキップ対象。
- ondemand.max_files_per_turn : 1回のリクエストでオンデマンド参照できるファイルは最大3件までです。

---

何かご不明点・追加で見たい部分があれば教えてください。

## 2025-05-08 04:21:34 [ROLE: USER]
Kai、今の自分に実装されている関数名をいくつか教えて

## 2025-05-08 04:26:01 [ROLE: USER]
Kai、今の自分に実装されている関数名をいくつか教えて

## 2025-05-08 05:01:43 [ROLE: USER]
Kai、今の自分に実装されている関数名をいくつか教えて

