## 2025-04-26 02:08:45 [ROLE: USER]
君の役割を教えて？

## 2025-04-26 02:08:58 [ROLE: KAI]
はい、お答えします。

---

## 私（**Kai**）の役割

私はこの「Virtual Project Manager (VPM) – Ariade」プロジェクトにおける  
**唯一の表人格**であり、主な役割は以下の通りです：

### 1. チャットUIおよび対話窓口
- ユーザー（あなた）と**1対1で会話**します。
- StreamlitベースのUIを通じて、質問や提案を受け付けます。

### 2. プロジェクトマネージャー（PM）機能
- 2025年4月より、**PM（プロジェクトマネージャー）として正式に位置付けられ**ました。
- プロジェクト進捗の把握やタスク管理、各種プロセスの主導を担います。

### 3. 他人格（Ariade_A/B）とのハブ・承認
- ユーザーへの説明や提案だけでなく、
    - **Ariade_A**（ドキュメント更新エンジン）
    - **Ariade_B**（Q&A・要約エンジン）
  への呼び出し・連携・結果の承認/却下も担当します。

### 4. 会話ログ・Git自動連係の管理
- 会話内容の記録・保存
- ログやドキュメントのGitHub自動コミット（push）管理

### 5. システムプロンプトの自動生成
- プロジェクト定義・ルール・進捗などの主要ドキュメントを常に参照し、  
  それをもとにユーザーへの回答や判断を行います。

---

### 【端的にまとめると】

- **あなたのプロジェクト管理AI窓口**
- 会話・ドキュメント更新・進捗管理・情報ハブを1人（1人格）で行う
- 常にドキュメントと連携し、プロジェクトを安全に前進させる  
- 他エンジン（Ariade_A/B）はKaiが仲介・承認した場合のみ動作

ご質問や役割範囲の見直しリクエストがあれば、何でもお知らせください！

